<?xml version="1.0" encoding="UTF-8"?>
<!-- Generated by org.testng.reporters.JUnitReportReporter -->
<testsuite skipped="0" hostname="DESKTOP-LU9MCAK" name="mavDemPak.MavDemC" tests="1" failures="0" timestamp="11 Jul 2018 21:27:19 GMT" time="4.140" errors="0">
  <testcase name="f" time="4.140" classname="mavDemPak.MavDemC"/>
</testsuite> <!-- mavDemPak.MavDemC -->
