<?xml version="1.0" encoding="UTF-8"?>
<!-- Generated by org.testng.reporters.JUnitReportReporter -->
<testsuite skipped="0" hostname="DESKTOP-LU9MCAK" name="mavDemPak.MavDemC" tests="1" failures="0" timestamp="18 Jul 2018 17:29:54 GMT" time="8.350" errors="0">
  <testcase name="f" time="8.350" classname="mavDemPak.MavDemC"/>
</testsuite> <!-- mavDemPak.MavDemC -->
